<?xml version="1.0" encoding="UTF-8"?>
<testsuite xmlns:xsi="http://www.w3.org/2001/XMLSchema-instance" xsi:noNamespaceSchemaLocation="https://maven.apache.org/surefire/maven-surefire-plugin/xsd/surefire-test-report.xsd" name="com.ontariotechu.sofe3980U.AppTest" time="0.06" tests="1" errors="0" skipped="0" failures="0">
  <properties>
    <property name="sun.desktop" value="windows"/>
    <property name="awt.toolkit" value="sun.awt.windows.WToolkit"/>
    <property name="java.specification.version" value="11"/>
    <property name="sun.cpu.isalist" value="amd64"/>
    <property name="sun.jnu.encoding" value="Cp1252"/>
    <property name="java.class.path" value="C:\Users\abdul\Desktop\Software Quality\Project\Deliverable1\BinaryCalculator\target\test-classes;C:\Users\abdul\Desktop\Software Quality\Project\Deliverable1\BinaryCalculator\target\classes;C:\Users\abdul\.m2\repository\junit\junit\4.11\junit-4.11.jar;C:\Users\abdul\.m2\repository\org\hamcrest\hamcrest-core\1.3\hamcrest-core-1.3.jar;C:\Users\abdul\.m2\repository\joda-time\joda-time\2.9.2\joda-time-2.9.2.jar;"/>
    <property name="java.vm.vendor" value="Oracle Corporation"/>
    <property name="sun.arch.data.model" value="64"/>
    <property name="user.variant" value=""/>
    <property name="java.vendor.url" value="https://openjdk.java.net/"/>
    <property name="user.timezone" value="America/New_York"/>
    <property name="java.vm.specification.version" value="11"/>
    <property name="os.name" value="Windows 10"/>
    <property name="sun.java.launcher" value="SUN_STANDARD"/>
    <property name="user.country" value="US"/>
    <property name="sun.boot.library.path" value="C:\Program Files\Java\jdk-11.0.12\bin"/>
    <property name="sun.java.command" value="C:\Users\abdul\AppData\Local\Temp\surefire18033964520587488465\surefirebooter1789672561978125787.jar C:\Users\abdul\AppData\Local\Temp\surefire18033964520587488465 2023-01-26T20-05-26_176-jvmRun1 surefire11487429729163544532tmp surefire_014265357973884828710tmp"/>
    <property name="jdk.debug" value="release"/>
    <property name="surefire.test.class.path" value="C:\Users\abdul\Desktop\Software Quality\Project\Deliverable1\BinaryCalculator\target\test-classes;C:\Users\abdul\Desktop\Software Quality\Project\Deliverable1\BinaryCalculator\target\classes;C:\Users\abdul\.m2\repository\junit\junit\4.11\junit-4.11.jar;C:\Users\abdul\.m2\repository\org\hamcrest\hamcrest-core\1.3\hamcrest-core-1.3.jar;C:\Users\abdul\.m2\repository\joda-time\joda-time\2.9.2\joda-time-2.9.2.jar;"/>
    <property name="sun.cpu.endian" value="little"/>
    <property name="user.home" value="C:\Users\abdul"/>
    <property name="user.language" value="en"/>
    <property name="java.specification.vendor" value="Oracle Corporation"/>
    <property name="java.version.date" value="2021-07-20"/>
    <property name="java.home" value="C:\Program Files\Java\jdk-11.0.12"/>
    <property name="file.separator" value="\"/>
    <property name="basedir" value="C:\Users\abdul\Desktop\Software Quality\Project\Deliverable1\BinaryCalculator"/>
    <property name="java.vm.compressedOopsMode" value="Zero based"/>
    <property name="line.separator" value="&#10;"/>
    <property name="java.specification.name" value="Java Platform API Specification"/>
    <property name="java.vm.specification.vendor" value="Oracle Corporation"/>
    <property name="java.awt.graphicsenv" value="sun.awt.Win32GraphicsEnvironment"/>
    <property name="surefire.real.class.path" value="C:\Users\abdul\AppData\Local\Temp\surefire18033964520587488465\surefirebooter1789672561978125787.jar"/>
    <property name="user.script" value=""/>
    <property name="sun.management.compiler" value="HotSpot 64-Bit Tiered Compilers"/>
    <property name="java.runtime.version" value="11.0.12+8-LTS-237"/>
    <property name="user.name" value="abdul"/>
    <property name="path.separator" value=";"/>
    <property name="os.version" value="10.0"/>
    <property name="java.runtime.name" value="Java(TM) SE Runtime Environment"/>
    <property name="file.encoding" value="Cp1252"/>
    <property name="java.vm.name" value="Java HotSpot(TM) 64-Bit Server VM"/>
    <property name="java.vendor.version" value="18.9"/>
    <property name="localRepository" value="C:\Users\abdul\.m2\repository"/>
    <property name="java.vendor.url.bug" value="https://bugreport.java.com/bugreport/"/>
    <property name="java.io.tmpdir" value="C:\Users\abdul\AppData\Local\Temp\"/>
    <property name="java.version" value="11.0.12"/>
    <property name="user.dir" value="C:\Users\abdul\Desktop\Software Quality\Project\Deliverable1\BinaryCalculator"/>
    <property name="os.arch" value="amd64"/>
    <property name="java.vm.specification.name" value="Java Virtual Machine Specification"/>
    <property name="java.awt.printerjob" value="sun.awt.windows.WPrinterJob"/>
    <property name="sun.os.patch.level" value=""/>
    <property name="java.library.path" value="C:\Program Files\Java\jdk-11.0.12\bin;C:\WINDOWS\Sun\Java\bin;C:\WINDOWS\system32;C:\WINDOWS;C:\Program Files\apache-maven-3.8.7\bin;C:\Users\abdul\AppData\Local\Programs\Microsoft VS Code\bin;C:\Users\OS\AppData\Local\Microsoft\WindowsApps;;."/>
    <property name="java.vendor" value="Oracle Corporation"/>
    <property name="java.vm.info" value="mixed mode"/>
    <property name="java.vm.version" value="11.0.12+8-LTS-237"/>
    <property name="sun.io.unicode.encoding" value="UnicodeLittle"/>
    <property name="java.class.version" value="55.0"/>
  </properties>
  <testcase name="shouldAnswerWithTrue" classname="com.ontariotechu.sofe3980U.AppTest" time="0"/>
</testsuite>